2024-01-18 21:15:12,608 INFO Логи для теста
2024-01-18 21:15:12,608 INFO Запрос числа N
2024-01-18 21:20:20,293 INFO Число N введенное ползователем 7
2024-01-18 21:20:20,293 INFO Запрос числа k
2024-01-18 21:20:20,372 ERROR Ошбика ввода k числа пользователем, пользователь ввел - 
2024-01-18 21:20:20,372 INFO Запрос числа k
2024-01-18 21:20:24,296 INFO Число k введенное ползователем 3
2024-01-18 21:20:24,297 INFO Число, которое компьютер загадал 7
2024-01-18 21:20:24,297 INFO Запрос угадать число
2024-01-18 21:20:31,171 INFO 1 попытка - 6
2024-01-18 21:20:31,171 INFO Ответ на 1 попытку - Неверно, загаданное число больше
2024-01-18 21:20:31,171 INFO Запрос угадать число
2024-01-18 21:20:36,339 INFO 2 попытка - 2
2024-01-18 21:20:36,339 INFO Ответ на 2 попытку - Неверно, загаданное число больше
2024-01-18 21:20:36,339 INFO Запрос угадать число
2024-01-18 21:20:39,355 INFO 3 попытка - 4
2024-01-18 21:20:39,355 INFO Ответ на 3 попытку - Неверно, загаданное число больше
2024-01-18 21:20:39,355 INFO 
2024-01-18 21:21:21,410 INFO Логи для теста
2024-01-18 21:21:21,410 INFO Запрос числа N
2024-01-18 21:21:53,270 INFO Число N введенное ползователем 10
2024-01-18 21:21:53,270 INFO Запрос числа k
2024-01-18 21:21:53,963 INFO Число k введенное ползователем 5
2024-01-18 21:21:53,963 INFO Число, которое компьютер загадал 8
2024-01-18 21:21:53,963 INFO Запрос угадать число
2024-01-18 21:21:58,702 INFO 1 попытка - 1
2024-01-18 21:21:58,703 INFO Ответ на 1 попытку - Неверно, загаданное число больше
2024-01-18 21:21:58,703 INFO Запрос угадать число
2024-01-18 21:22:01,629 INFO 2 попытка - 5
2024-01-18 21:22:01,629 INFO Ответ на 2 попытку - Неверно, загаданное число больше
2024-01-18 21:22:01,629 INFO Запрос угадать число
2024-01-18 21:22:06,144 INFO 3 попытка - 8
2024-01-18 21:22:06,144 INFO Ответ на 3 попытку - Правильно
2024-01-18 21:22:06,144 INFO 
2024-01-18 21:22:53,025 INFO Логи для теста
2024-01-18 21:22:53,025 INFO Запрос числа N
2024-01-18 21:22:57,943 INFO Число N введенное ползователем 9
2024-01-18 21:22:57,943 INFO Запрос числа k
2024-01-18 21:22:59,493 INFO Число k введенное ползователем 54
2024-01-18 21:22:59,494 INFO Число, которое компьютер загадал 8
2024-01-18 21:22:59,494 INFO Запрос угадать число
2024-01-18 21:23:02,370 INFO 1 попытка - 5
2024-01-18 21:23:02,371 INFO Ответ на 1 попытку - Неверно, загаданное число больше
2024-01-18 21:23:02,371 INFO Запрос угадать число
2024-01-18 21:23:03,970 INFO 2 попытка - 4
2024-01-18 21:23:03,970 INFO Ответ на 2 попытку - Неверно, загаданное число больше
2024-01-18 21:23:03,970 INFO Запрос угадать число
2024-01-18 21:23:05,423 ERROR Ошбика ввода числа пользователем, пользователь ввел - 56
2024-01-18 21:23:07,975 ERROR Ошбика ввода числа пользователем, пользователь ввел - 56
2024-01-18 21:23:07,975 INFO Запрос угадать число
2024-01-18 21:23:15,515 ERROR Ошбика ввода числа пользователем, пользователь ввел - 56
2024-01-18 21:23:15,515 INFO Запрос угадать число
2024-01-18 21:23:26,295 INFO Логи для теста
2024-01-18 21:23:26,295 INFO Запрос числа N
2024-01-18 21:23:26,404 INFO Логи для теста
2024-01-18 21:23:26,404 INFO Запрос числа N
2024-01-18 21:23:34,288 INFO Логи для теста
2024-01-18 21:23:34,288 INFO Запрос числа N
2024-01-18 21:23:36,818 ERROR Ошбика ввода N числа пользователем, пользователь ввел - ауа
2024-01-18 21:23:36,818 INFO Запрос числа N
2024-01-18 21:23:42,428 ERROR Ошбика ввода N числа пользователем, пользователь ввел - ауа
2024-01-18 21:23:42,428 INFO Запрос числа N
2024-01-18 21:23:44,443 INFO Логи для теста
2024-01-18 21:23:44,443 INFO Запрос числа N
2024-01-18 21:23:44,529 INFO Логи для теста
2024-01-18 21:23:44,529 INFO Запрос числа N
2024-01-18 21:23:48,157 ERROR Ошбика ввода N числа пользователем, пользователь ввел - -45645
2024-01-18 21:23:48,157 INFO Запрос числа N
2024-01-18 21:23:49,881 ERROR Ошбика ввода N числа пользователем, пользователь ввел - -445
2024-01-18 21:23:49,881 INFO Запрос числа N
2024-01-18 21:23:51,150 INFO Число N введенное ползователем 165
2024-01-18 21:23:51,150 INFO Запрос числа k
2024-01-18 21:23:52,474 INFO Число k введенное ползователем 65
2024-01-18 21:23:52,474 INFO Число, которое компьютер загадал 138
2024-01-18 21:23:52,474 INFO Запрос угадать число
2024-01-18 21:23:55,851 ERROR Ошбика ввода числа пользователем, пользователь ввел - 2311
2024-01-18 21:23:58,873 INFO 1 попытка - 2
2024-01-18 21:23:58,873 INFO Ответ на 1 попытку - Неверно, загаданное число больше
2024-01-18 21:23:58,873 INFO Запрос угадать число
2024-01-18 21:24:00,961 INFO 2 попытка - 123
2024-01-18 21:24:00,961 INFO Ответ на 2 попытку - Неверно, загаданное число больше
2024-01-18 21:24:00,961 INFO Запрос угадать число
2024-01-18 21:24:06,120 ERROR Ошбика ввода числа пользователем, пользователь ввел - 123
2024-01-18 21:24:06,120 INFO Запрос угадать число
2024-01-18 21:24:07,404 INFO Логи для теста
2024-01-18 21:24:07,404 INFO Запрос числа N
2024-01-18 21:24:07,484 INFO Логи для теста
2024-01-18 21:24:07,484 INFO Запрос числа N
2024-01-18 21:24:12,285 INFO Число N введенное ползователем 30
2024-01-18 21:24:12,285 INFO Запрос числа k
2024-01-18 21:24:13,860 INFO Число k введенное ползователем 12
2024-01-18 21:24:13,860 INFO Число, которое компьютер загадал 11
2024-01-18 21:24:13,860 INFO Запрос угадать число
2024-01-18 21:24:18,454 INFO 1 попытка - 5
2024-01-18 21:24:18,454 INFO Ответ на 1 попытку - Неверно, загаданное число больше
2024-01-18 21:24:18,454 INFO Запрос угадать число
2024-01-18 21:24:20,872 INFO 2 попытка - 13
2024-01-18 21:24:20,872 INFO Ответ на 2 попытку - Неверно, загаданное число меньше
2024-01-18 21:24:20,873 INFO Запрос угадать число
2024-01-18 21:24:23,893 INFO 3 попытка - 10
2024-01-18 21:24:23,893 INFO Ответ на 3 попытку - Неверно, загаданное число больше
2024-01-18 21:24:23,893 INFO Запрос угадать число
2024-01-18 21:24:25,851 INFO 4 попытка - 11
2024-01-18 21:24:25,851 INFO Ответ на 4 попытку - Правильно
2024-01-18 21:24:25,851 INFO 
2024-01-18 21:25:20,160 INFO Логи для теста
2024-01-18 21:25:20,160 INFO Запрос числа N
2024-01-18 21:25:23,103 ERROR Ошбика ввода N числа пользователем, пользователь ввел - -45
2024-01-18 21:25:23,103 INFO Запрос числа N
2024-01-18 21:25:24,889 ERROR Ошбика ввода N числа пользователем, пользователь ввел - б
2024-01-18 21:25:24,889 INFO Запрос числа N
2024-01-18 21:25:25,880 ERROR Ошбика ввода N числа пользователем, пользователь ввел - ва
2024-01-18 21:25:25,880 INFO Запрос числа N
2024-01-18 21:25:28,768 ERROR Ошбика ввода N числа пользователем, пользователь ввел - 56*
2024-01-18 21:25:28,769 INFO Запрос числа N
2024-01-18 21:25:36,724 ERROR Ошбика ввода N числа пользователем, пользователь ввел - -45\
2024-01-18 21:25:36,724 INFO Запрос числа N
2024-01-18 21:25:38,213 INFO Число N введенное ползователем 64
2024-01-18 21:25:38,213 INFO Запрос числа k
2024-01-18 21:25:39,313 INFO Число k введенное ползователем 5
2024-01-18 21:25:39,313 INFO Число, которое компьютер загадал 46
2024-01-18 21:25:39,313 INFO Запрос угадать число
2024-01-18 21:25:42,490 ERROR Ошбика ввода числа пользователем, пользователь ввел - 554
2024-01-18 21:31:47,648 ERROR Ошбика ввода числа пользователем, пользователь ввел - 554
2024-01-18 21:31:47,648 INFO Запрос угадать число
2024-01-18 21:31:50,145 INFO Логи для теста
2024-01-18 21:31:50,145 INFO Запрос числа N
2024-01-18 21:31:50,222 INFO Логи для теста
2024-01-18 21:31:50,222 INFO Запрос числа N
